d:\工作\毕业论文\openvp-master\voiceprint\release\vc140.pdb
d:\工作\毕业论文\openvp-master\voiceprint\release\winmain.obj
d:\工作\毕业论文\openvp-master\voiceprint\release\voiceidentify.obj
d:\工作\毕业论文\openvp-master\voiceprint\release\mfcc.obj
d:\工作\毕业论文\openvp-master\voiceprint\release\gmm.obj
d:\工作\毕业论文\openvp-master\voiceprint\release\fft2.obj
d:\工作\毕业论文\openvp-master\voiceprint\release\cluster.obj
d:\工作\毕业论文\openvp-master\voiceprint\release\voiceprint.obj
d:\工作\毕业论文\openvp-master\voiceprint\release\myrecord.obj
d:\工作\毕业论文\openvp-master\voiceprint\release\maindlg.obj
d:\工作\毕业论文\openvp-master\voiceprint\release\global.obj
d:\工作\毕业论文\openvp-master\voiceprint\release\filedlg.obj
d:\工作\毕业论文\openvp-master\voiceprint\release\debugdlg.obj
d:\工作\毕业论文\openvp-master\release\voiceprint.exe
d:\工作\毕业论文\openvp-master\release\voiceprint.ipdb
d:\工作\毕业论文\openvp-master\release\voiceprint.iobj
d:\工作\毕业论文\openvp-master\release\voiceprint.pdb
d:\工作\毕业论文\openvp-master\voiceprint\release\voiceprint.res
d:\工作\毕业论文\openvp-master\voiceprint\release\voiceprint.tlog\cl.command.1.tlog
d:\工作\毕业论文\openvp-master\voiceprint\release\voiceprint.tlog\cl.read.1.tlog
d:\工作\毕业论文\openvp-master\voiceprint\release\voiceprint.tlog\cl.write.1.tlog
d:\工作\毕业论文\openvp-master\voiceprint\release\voiceprint.tlog\link.command.1.tlog
d:\工作\毕业论文\openvp-master\voiceprint\release\voiceprint.tlog\link.read.1.tlog
d:\工作\毕业论文\openvp-master\voiceprint\release\voiceprint.tlog\link.write.1.tlog
d:\工作\毕业论文\openvp-master\voiceprint\release\voiceprint.tlog\rc.command.1.tlog
d:\工作\毕业论文\openvp-master\voiceprint\release\voiceprint.tlog\rc.read.1.tlog
d:\工作\毕业论文\openvp-master\voiceprint\release\voiceprint.tlog\rc.write.1.tlog
